{"/Users/edwin/andela/checks/checkpoint3/dcman/spec/helpers/login.js":{"path":"/Users/edwin/andela/checks/checkpoint3/dcman/spec/helpers/login.js","s":{"1":1,"2":1,"3":1,"4":1,"5":1},"b":{},"f":{"1":1,"2":1,"3":1},"fnMap":{"1":{"name":"(anonymous_1)","line":1,"loc":{"start":{"line":1,"column":1},"end":{"line":1,"column":12}}},"2":{"name":"(anonymous_2)","line":8,"loc":{"start":{"line":8,"column":11},"end":{"line":8,"column":26}}},"3":{"name":"(anonymous_3)","line":16,"loc":{"start":{"line":16,"column":13},"end":{"line":16,"column":32}}}},"statementMap":{"1":{"start":{"line":1,"column":0},"end":{"line":21,"column":5}},"2":{"start":{"line":4,"column":2},"end":{"line":5,"column":35}},"3":{"start":{"line":7,"column":2},"end":{"line":20,"column":4}},"4":{"start":{"line":9,"column":6},"end":{"line":18,"column":11}},"5":{"start":{"line":17,"column":10},"end":{"line":17,"column":25}}},"branchMap":{}},"/Users/edwin/andela/checks/checkpoint3/dcman/dcman.js":{"path":"/Users/edwin/andela/checks/checkpoint3/dcman/dcman.js","s":{"1":1,"2":1,"3":1,"4":1,"5":0,"6":1,"7":1,"8":1,"9":1,"10":1,"11":1,"12":1,"13":1,"14":1,"15":1,"16":0,"17":1,"18":1},"b":{"1":[0,1],"2":[1,1],"3":[0,1]},"f":{"1":1,"2":1,"3":1},"fnMap":{"1":{"name":"(anonymous_1)","line":1,"loc":{"start":{"line":1,"column":1},"end":{"line":1,"column":12}}},"2":{"name":"(anonymous_2)","line":9,"loc":{"start":{"line":9,"column":36},"end":{"line":9,"column":50}}},"3":{"name":"(anonymous_3)","line":26,"loc":{"start":{"line":26,"column":21},"end":{"line":26,"column":35}}}},"statementMap":{"1":{"start":{"line":1,"column":0},"end":{"line":33,"column":5}},"2":{"start":{"line":3,"column":2},"end":{"line":7,"column":47}},"3":{"start":{"line":9,"column":2},"end":{"line":15,"column":5}},"4":{"start":{"line":10,"column":4},"end":{"line":14,"column":5}},"5":{"start":{"line":11,"column":6},"end":{"line":11,"column":23}},"6":{"start":{"line":13,"column":6},"end":{"line":13,"column":60}},"7":{"start":{"line":17,"column":2},"end":{"line":17,"column":22}},"8":{"start":{"line":18,"column":2},"end":{"line":18,"column":42}},"9":{"start":{"line":20,"column":2},"end":{"line":20,"column":29}},"10":{"start":{"line":21,"column":2},"end":{"line":21,"column":54}},"11":{"start":{"line":22,"column":2},"end":{"line":22,"column":25}},"12":{"start":{"line":23,"column":2},"end":{"line":23,"column":14}},"13":{"start":{"line":25,"column":2},"end":{"line":25,"column":40}},"14":{"start":{"line":26,"column":4},"end":{"line":31,"column":7}},"15":{"start":{"line":27,"column":6},"end":{"line":29,"column":7}},"16":{"start":{"line":28,"column":8},"end":{"line":28,"column":25}},"17":{"start":{"line":30,"column":6},"end":{"line":30,"column":41}},"18":{"start":{"line":32,"column":2},"end":{"line":32,"column":23}}},"branchMap":{"1":{"line":10,"type":"if","locations":[{"start":{"line":10,"column":4},"end":{"line":10,"column":4}},{"start":{"line":10,"column":4},"end":{"line":10,"column":4}}]},"2":{"line":25,"type":"binary-expr","locations":[{"start":{"line":25,"column":13},"end":{"line":25,"column":29}},{"start":{"line":25,"column":33},"end":{"line":25,"column":39}}]},"3":{"line":27,"type":"if","locations":[{"start":{"line":27,"column":6},"end":{"line":27,"column":6}},{"start":{"line":27,"column":6},"end":{"line":27,"column":6}}]}}},"/Users/edwin/andela/checks/checkpoint3/dcman/server/config/config.js":{"path":"/Users/edwin/andela/checks/checkpoint3/dcman/server/config/config.js","s":{"1":1,"2":1},"b":{"1":[1,1]},"f":{"1":1},"fnMap":{"1":{"name":"(anonymous_1)","line":1,"loc":{"start":{"line":1,"column":1},"end":{"line":1,"column":12}}}},"statementMap":{"1":{"start":{"line":1,"column":0},"end":{"line":8,"column":5}},"2":{"start":{"line":3,"column":2},"end":{"line":7,"column":4}}},"branchMap":{"1":{"line":5,"type":"binary-expr","locations":[{"start":{"line":5,"column":12},"end":{"line":5,"column":28}},{"start":{"line":5,"column":32},"end":{"line":5,"column":36}}]}}},"/Users/edwin/andela/checks/checkpoint3/dcman/server/routes/index.js":{"path":"/Users/edwin/andela/checks/checkpoint3/dcman/server/routes/index.js","s":{"1":1,"2":1,"3":1,"4":1,"5":1,"6":0},"b":{},"f":{"1":1,"2":1,"3":0},"fnMap":{"1":{"name":"(anonymous_1)","line":1,"loc":{"start":{"line":1,"column":1},"end":{"line":1,"column":12}}},"2":{"name":"(anonymous_2)","line":4,"loc":{"start":{"line":4,"column":19},"end":{"line":4,"column":33}}},"3":{"name":"(anonymous_3)","line":9,"loc":{"start":{"line":9,"column":11},"end":{"line":9,"column":30}}}},"statementMap":{"1":{"start":{"line":1,"column":0},"end":{"line":13,"column":5}},"2":{"start":{"line":4,"column":2},"end":{"line":12,"column":4}},"3":{"start":{"line":5,"column":4},"end":{"line":5,"column":32}},"4":{"start":{"line":6,"column":4},"end":{"line":6,"column":31}},"5":{"start":{"line":8,"column":4},"end":{"line":11,"column":9}},"6":{"start":{"line":10,"column":8},"end":{"line":10,"column":44}}},"branchMap":{}},"/Users/edwin/andela/checks/checkpoint3/dcman/server/routes/userRoute.js":{"path":"/Users/edwin/andela/checks/checkpoint3/dcman/server/routes/userRoute.js","s":{"1":1,"2":1,"3":1,"4":1,"5":1,"6":1,"7":1,"8":1,"9":1,"10":1},"b":{},"f":{"1":1,"2":1},"fnMap":{"1":{"name":"(anonymous_1)","line":1,"loc":{"start":{"line":1,"column":1},"end":{"line":1,"column":12}}},"2":{"name":"(anonymous_2)","line":6,"loc":{"start":{"line":6,"column":19},"end":{"line":6,"column":33}}}},"statementMap":{"1":{"start":{"line":1,"column":0},"end":{"line":32,"column":5}},"2":{"start":{"line":3,"column":2},"end":{"line":4,"column":54}},"3":{"start":{"line":6,"column":2},"end":{"line":31,"column":4}},"4":{"start":{"line":7,"column":4},"end":{"line":9,"column":25}},"5":{"start":{"line":11,"column":4},"end":{"line":12,"column":21}},"6":{"start":{"line":14,"column":4},"end":{"line":15,"column":24}},"7":{"start":{"line":17,"column":4},"end":{"line":18,"column":43}},"8":{"start":{"line":20,"column":4},"end":{"line":22,"column":27}},"9":{"start":{"line":24,"column":4},"end":{"line":27,"column":46}},"10":{"start":{"line":29,"column":4},"end":{"line":30,"column":46}}},"branchMap":{}},"/Users/edwin/andela/checks/checkpoint3/dcman/server/controllers/userController.js":{"path":"/Users/edwin/andela/checks/checkpoint3/dcman/server/controllers/userController.js","s":{"1":1,"2":1,"3":1,"4":3,"5":3,"6":1,"7":0,"8":0,"9":0,"10":0,"11":2,"12":2,"13":1,"14":1,"15":1,"16":1,"17":1,"18":1,"19":1,"20":0,"21":0,"22":3,"23":3,"24":0,"25":3,"26":0,"27":3,"28":3,"29":3,"30":1,"31":1,"32":2,"33":2,"34":0,"35":0,"36":0,"37":0,"38":0,"39":0,"40":0,"41":0,"42":0,"43":0,"44":0,"45":0,"46":0,"47":0,"48":0,"49":0,"50":0,"51":0,"52":0,"53":0,"54":0,"55":0,"56":0,"57":0,"58":0,"59":0,"60":0,"61":0,"62":0,"63":0,"64":0,"65":0,"66":0,"67":0},"b":{"1":[0,0],"2":[1,1],"3":[2,1],"4":[1,0],"5":[0,3],"6":[0,3],"7":[3,0],"8":[1,2],"9":[0,0],"10":[0,0],"11":[0,0],"12":[0,0],"13":[0,0],"14":[0,0],"15":[0,0],"16":[0,0],"17":[0,0]},"f":{"1":1,"2":3,"3":0,"4":0,"5":2,"6":2,"7":1,"8":3,"9":3,"10":0,"11":0,"12":0,"13":0,"14":0,"15":0,"16":0,"17":0,"18":0,"19":0,"20":0},"fnMap":{"1":{"name":"(anonymous_1)","line":1,"loc":{"start":{"line":1,"column":1},"end":{"line":1,"column":12}}},"2":{"name":"createToken","line":11,"loc":{"start":{"line":11,"column":2},"end":{"line":11,"column":29}}},"3":{"name":"(anonymous_3)","line":19,"loc":{"start":{"line":19,"column":9},"end":{"line":19,"column":29}}},"4":{"name":"(anonymous_4)","line":20,"loc":{"start":{"line":20,"column":20},"end":{"line":20,"column":42}}},"5":{"name":"(anonymous_5)","line":29,"loc":{"start":{"line":29,"column":14},"end":{"line":29,"column":33}}},"6":{"name":"(anonymous_6)","line":32,"loc":{"start":{"line":32,"column":14},"end":{"line":32,"column":33}}},"7":{"name":"(anonymous_7)","line":46,"loc":{"start":{"line":46,"column":23},"end":{"line":46,"column":42}}},"8":{"name":"(anonymous_8)","line":62,"loc":{"start":{"line":62,"column":11},"end":{"line":62,"column":36}}},"9":{"name":"(anonymous_9)","line":67,"loc":{"start":{"line":67,"column":14},"end":{"line":67,"column":34}}},"10":{"name":"(anonymous_10)","line":100,"loc":{"start":{"line":100,"column":12},"end":{"line":100,"column":32}}},"11":{"name":"(anonymous_11)","line":101,"loc":{"start":{"line":101,"column":35},"end":{"line":101,"column":55}}},"12":{"name":"(anonymous_12)","line":111,"loc":{"start":{"line":111,"column":12},"end":{"line":111,"column":37}}},"13":{"name":"(anonymous_13)","line":113,"loc":{"start":{"line":113,"column":60},"end":{"line":113,"column":80}}},"14":{"name":"(anonymous_14)","line":129,"loc":{"start":{"line":129,"column":12},"end":{"line":129,"column":32}}},"15":{"name":"(anonymous_15)","line":130,"loc":{"start":{"line":130,"column":44},"end":{"line":130,"column":65}}},"16":{"name":"(anonymous_16)","line":149,"loc":{"start":{"line":149,"column":18},"end":{"line":149,"column":43}}},"17":{"name":"(anonymous_17)","line":154,"loc":{"start":{"line":154,"column":37},"end":{"line":154,"column":60}}},"18":{"name":"(anonymous_18)","line":178,"loc":{"start":{"line":178,"column":12},"end":{"line":178,"column":31}}},"19":{"name":"(anonymous_19)","line":185,"loc":{"start":{"line":185,"column":15},"end":{"line":185,"column":35}}},"20":{"name":"(anonymous_20)","line":186,"loc":{"start":{"line":186,"column":41},"end":{"line":186,"column":62}}}},"statementMap":{"1":{"start":{"line":1,"column":0},"end":{"line":195,"column":5}},"2":{"start":{"line":3,"column":2},"end":{"line":9,"column":33}},"3":{"start":{"line":11,"column":2},"end":{"line":16,"column":3}},"4":{"start":{"line":12,"column":4},"end":{"line":14,"column":7}},"5":{"start":{"line":15,"column":4},"end":{"line":15,"column":17}},"6":{"start":{"line":18,"column":2},"end":{"line":194,"column":4}},"7":{"start":{"line":20,"column":6},"end":{"line":26,"column":9}},"8":{"start":{"line":21,"column":8},"end":{"line":25,"column":9}},"9":{"start":{"line":22,"column":10},"end":{"line":22,"column":24}},"10":{"start":{"line":24,"column":10},"end":{"line":24,"column":26}},"11":{"start":{"line":30,"column":6},"end":{"line":59,"column":9}},"12":{"start":{"line":34,"column":8},"end":{"line":58,"column":9}},"13":{"start":{"line":35,"column":10},"end":{"line":39,"column":13}},"14":{"start":{"line":41,"column":10},"end":{"line":41,"column":43}},"15":{"start":{"line":42,"column":10},"end":{"line":42,"column":78}},"16":{"start":{"line":44,"column":10},"end":{"line":44,"column":44}},"17":{"start":{"line":46,"column":10},"end":{"line":57,"column":13}},"18":{"start":{"line":47,"column":12},"end":{"line":56,"column":13}},"19":{"start":{"line":48,"column":14},"end":{"line":48,"column":28}},"20":{"start":{"line":50,"column":14},"end":{"line":50,"column":79}},"21":{"start":{"line":51,"column":14},"end":{"line":55,"column":19}},"22":{"start":{"line":64,"column":6},"end":{"line":97,"column":9}},"23":{"start":{"line":68,"column":8},"end":{"line":70,"column":9}},"24":{"start":{"line":69,"column":10},"end":{"line":69,"column":20}},"25":{"start":{"line":71,"column":8},"end":{"line":96,"column":9}},"26":{"start":{"line":72,"column":10},"end":{"line":76,"column":13}},"27":{"start":{"line":77,"column":15},"end":{"line":96,"column":9}},"28":{"start":{"line":79,"column":10},"end":{"line":79,"column":58}},"29":{"start":{"line":80,"column":10},"end":{"line":95,"column":11}},"30":{"start":{"line":81,"column":12},"end":{"line":85,"column":15}},"31":{"start":{"line":86,"column":12},"end":{"line":86,"column":22}},"32":{"start":{"line":88,"column":12},"end":{"line":89,"column":44}},"33":{"start":{"line":90,"column":12},"end":{"line":94,"column":15}},"34":{"start":{"line":101,"column":6},"end":{"line":108,"column":9}},"35":{"start":{"line":102,"column":8},"end":{"line":107,"column":11}},"36":{"start":{"line":103,"column":12},"end":{"line":103,"column":26}},"37":{"start":{"line":105,"column":12},"end":{"line":105,"column":77}},"38":{"start":{"line":106,"column":12},"end":{"line":106,"column":31}},"39":{"start":{"line":112,"column":6},"end":{"line":112,"column":46}},"40":{"start":{"line":113,"column":6},"end":{"line":126,"column":9}},"41":{"start":{"line":114,"column":8},"end":{"line":116,"column":9}},"42":{"start":{"line":115,"column":10},"end":{"line":115,"column":27}},"43":{"start":{"line":117,"column":8},"end":{"line":125,"column":11}},"44":{"start":{"line":118,"column":10},"end":{"line":118,"column":44}},"45":{"start":{"line":120,"column":12},"end":{"line":120,"column":77}},"46":{"start":{"line":121,"column":12},"end":{"line":124,"column":15}},"47":{"start":{"line":130,"column":6},"end":{"line":146,"column":9}},"48":{"start":{"line":131,"column":7},"end":{"line":145,"column":11}},"49":{"start":{"line":132,"column":12},"end":{"line":132,"column":26}},"50":{"start":{"line":134,"column":12},"end":{"line":144,"column":13}},"51":{"start":{"line":135,"column":14},"end":{"line":135,"column":79}},"52":{"start":{"line":136,"column":14},"end":{"line":139,"column":17}},"53":{"start":{"line":141,"column":14},"end":{"line":143,"column":17}},"54":{"start":{"line":150,"column":6},"end":{"line":150,"column":66}},"55":{"start":{"line":153,"column":6},"end":{"line":171,"column":7}},"56":{"start":{"line":154,"column":8},"end":{"line":165,"column":11}},"57":{"start":{"line":156,"column":10},"end":{"line":164,"column":11}},"58":{"start":{"line":157,"column":12},"end":{"line":159,"column":15}},"59":{"start":{"line":161,"column":12},"end":{"line":161,"column":34}},"60":{"start":{"line":162,"column":12},"end":{"line":162,"column":30}},"61":{"start":{"line":163,"column":12},"end":{"line":163,"column":19}},"62":{"start":{"line":168,"column":8},"end":{"line":170,"column":11}},"63":{"start":{"line":180,"column":6},"end":{"line":182,"column":9}},"64":{"start":{"line":186,"column":6},"end":{"line":192,"column":9}},"65":{"start":{"line":187,"column":8},"end":{"line":191,"column":9}},"66":{"start":{"line":188,"column":10},"end":{"line":188,"column":24}},"67":{"start":{"line":190,"column":10},"end":{"line":190,"column":25}}},"branchMap":{"1":{"line":21,"type":"if","locations":[{"start":{"line":21,"column":8},"end":{"line":21,"column":8}},{"start":{"line":21,"column":8},"end":{"line":21,"column":8}}]},"2":{"line":34,"type":"if","locations":[{"start":{"line":34,"column":8},"end":{"line":34,"column":8}},{"start":{"line":34,"column":8},"end":{"line":34,"column":8}}]},"3":{"line":34,"type":"binary-expr","locations":[{"start":{"line":34,"column":12},"end":{"line":34,"column":16}},{"start":{"line":34,"column":18},"end":{"line":34,"column":51}}]},"4":{"line":47,"type":"if","locations":[{"start":{"line":47,"column":12},"end":{"line":47,"column":12}},{"start":{"line":47,"column":12},"end":{"line":47,"column":12}}]},"5":{"line":68,"type":"if","locations":[{"start":{"line":68,"column":8},"end":{"line":68,"column":8}},{"start":{"line":68,"column":8},"end":{"line":68,"column":8}}]},"6":{"line":71,"type":"if","locations":[{"start":{"line":71,"column":8},"end":{"line":71,"column":8}},{"start":{"line":71,"column":8},"end":{"line":71,"column":8}}]},"7":{"line":77,"type":"if","locations":[{"start":{"line":77,"column":15},"end":{"line":77,"column":15}},{"start":{"line":77,"column":15},"end":{"line":77,"column":15}}]},"8":{"line":80,"type":"if","locations":[{"start":{"line":80,"column":10},"end":{"line":80,"column":10}},{"start":{"line":80,"column":10},"end":{"line":80,"column":10}}]},"9":{"line":102,"type":"if","locations":[{"start":{"line":102,"column":8},"end":{"line":102,"column":8}},{"start":{"line":102,"column":8},"end":{"line":102,"column":8}}]},"10":{"line":114,"type":"if","locations":[{"start":{"line":114,"column":8},"end":{"line":114,"column":8}},{"start":{"line":114,"column":8},"end":{"line":114,"column":8}}]},"11":{"line":117,"type":"if","locations":[{"start":{"line":117,"column":8},"end":{"line":117,"column":8}},{"start":{"line":117,"column":8},"end":{"line":117,"column":8}}]},"12":{"line":131,"type":"if","locations":[{"start":{"line":131,"column":7},"end":{"line":131,"column":7}},{"start":{"line":131,"column":7},"end":{"line":131,"column":7}}]},"13":{"line":134,"type":"if","locations":[{"start":{"line":134,"column":12},"end":{"line":134,"column":12}},{"start":{"line":134,"column":12},"end":{"line":134,"column":12}}]},"14":{"line":150,"type":"binary-expr","locations":[{"start":{"line":150,"column":18},"end":{"line":150,"column":47}},{"start":{"line":150,"column":51},"end":{"line":150,"column":65}}]},"15":{"line":153,"type":"if","locations":[{"start":{"line":153,"column":6},"end":{"line":153,"column":6}},{"start":{"line":153,"column":6},"end":{"line":153,"column":6}}]},"16":{"line":156,"type":"if","locations":[{"start":{"line":156,"column":10},"end":{"line":156,"column":10}},{"start":{"line":156,"column":10},"end":{"line":156,"column":10}}]},"17":{"line":187,"type":"if","locations":[{"start":{"line":187,"column":8},"end":{"line":187,"column":8}},{"start":{"line":187,"column":8},"end":{"line":187,"column":8}}]}}},"/Users/edwin/andela/checks/checkpoint3/dcman/server/models/users.js":{"path":"/Users/edwin/andela/checks/checkpoint3/dcman/server/models/users.js","s":{"1":1,"2":1,"3":1,"4":4,"5":1,"6":3,"7":3,"8":3,"9":0,"10":3,"11":3,"12":1,"13":0,"14":0,"15":0,"16":0,"17":0,"18":0,"19":1,"20":3,"21":3,"22":1},"b":{"1":[0,3],"2":[0,0]},"f":{"1":1,"2":4,"3":3,"4":3,"5":0,"6":0,"7":3},"fnMap":{"1":{"name":"(anonymous_1)","line":1,"loc":{"start":{"line":1,"column":1},"end":{"line":1,"column":12}}},"2":{"name":"(anonymous_2)","line":22,"loc":{"start":{"line":22,"column":21},"end":{"line":22,"column":37}}},"3":{"name":"(anonymous_3)","line":42,"loc":{"start":{"line":42,"column":25},"end":{"line":42,"column":40}}},"4":{"name":"(anonymous_4)","line":45,"loc":{"start":{"line":45,"column":43},"end":{"line":45,"column":63}}},"5":{"name":"(anonymous_5)","line":53,"loc":{"start":{"line":53,"column":37},"end":{"line":53,"column":52}}},"6":{"name":"(anonymous_6)","line":56,"loc":{"start":{"line":56,"column":43},"end":{"line":56,"column":63}}},"7":{"name":"(anonymous_7)","line":65,"loc":{"start":{"line":65,"column":33},"end":{"line":65,"column":52}}}},"statementMap":{"1":{"start":{"line":1,"column":0},"end":{"line":71,"column":5}},"2":{"start":{"line":4,"column":2},"end":{"line":7,"column":30}},"3":{"start":{"line":9,"column":2},"end":{"line":38,"column":5}},"4":{"start":{"line":23,"column":12},"end":{"line":23,"column":46}},"5":{"start":{"line":42,"column":2},"end":{"line":51,"column":5}},"6":{"start":{"line":43,"column":4},"end":{"line":43,"column":20}},"7":{"start":{"line":45,"column":4},"end":{"line":50,"column":7}},"8":{"start":{"line":46,"column":6},"end":{"line":46,"column":32}},"9":{"start":{"line":46,"column":15},"end":{"line":46,"column":32}},"10":{"start":{"line":48,"column":6},"end":{"line":48,"column":27}},"11":{"start":{"line":49,"column":6},"end":{"line":49,"column":13}},"12":{"start":{"line":53,"column":2},"end":{"line":62,"column":5}},"13":{"start":{"line":54,"column":4},"end":{"line":54,"column":20}},"14":{"start":{"line":56,"column":4},"end":{"line":61,"column":7}},"15":{"start":{"line":57,"column":6},"end":{"line":57,"column":32}},"16":{"start":{"line":57,"column":15},"end":{"line":57,"column":32}},"17":{"start":{"line":59,"column":6},"end":{"line":59,"column":27}},"18":{"start":{"line":60,"column":6},"end":{"line":60,"column":13}},"19":{"start":{"line":65,"column":2},"end":{"line":68,"column":6}},"20":{"start":{"line":66,"column":6},"end":{"line":66,"column":22}},"21":{"start":{"line":67,"column":6},"end":{"line":67,"column":57}},"22":{"start":{"line":70,"column":2},"end":{"line":70,"column":54}}},"branchMap":{"1":{"line":46,"type":"if","locations":[{"start":{"line":46,"column":6},"end":{"line":46,"column":6}},{"start":{"line":46,"column":6},"end":{"line":46,"column":6}}]},"2":{"line":57,"type":"if","locations":[{"start":{"line":57,"column":6},"end":{"line":57,"column":6}},{"start":{"line":57,"column":6},"end":{"line":57,"column":6}}]}}},"/Users/edwin/andela/checks/checkpoint3/dcman/server/models/roles.js":{"path":"/Users/edwin/andela/checks/checkpoint3/dcman/server/models/roles.js","s":{"1":1,"2":1,"3":1,"4":1,"5":1,"6":1},"b":{},"f":{"1":1},"fnMap":{"1":{"name":"(anonymous_1)","line":1,"loc":{"start":{"line":1,"column":1},"end":{"line":1,"column":12}}}},"statementMap":{"1":{"start":{"line":1,"column":0},"end":{"line":17,"column":5}},"2":{"start":{"line":3,"column":2},"end":{"line":3,"column":39}},"3":{"start":{"line":4,"column":2},"end":{"line":4,"column":33}},"4":{"start":{"line":6,"column":2},"end":{"line":6,"column":45}},"5":{"start":{"line":7,"column":2},"end":{"line":14,"column":5}},"6":{"start":{"line":16,"column":2},"end":{"line":16,"column":54}}},"branchMap":{}},"/Users/edwin/andela/checks/checkpoint3/dcman/server/models/documents.js":{"path":"/Users/edwin/andela/checks/checkpoint3/dcman/server/models/documents.js","s":{"1":1,"2":1,"3":1,"4":1,"5":1,"6":1},"b":{},"f":{"1":1},"fnMap":{"1":{"name":"(anonymous_1)","line":1,"loc":{"start":{"line":1,"column":1},"end":{"line":1,"column":12}}}},"statementMap":{"1":{"start":{"line":1,"column":0},"end":{"line":29,"column":5}},"2":{"start":{"line":4,"column":2},"end":{"line":4,"column":39}},"3":{"start":{"line":5,"column":2},"end":{"line":5,"column":33}},"4":{"start":{"line":6,"column":2},"end":{"line":6,"column":34}},"5":{"start":{"line":8,"column":2},"end":{"line":26,"column":5}},"6":{"start":{"line":28,"column":2},"end":{"line":28,"column":57}}},"branchMap":{}},"/Users/edwin/andela/checks/checkpoint3/dcman/server/controllers/roleController.js":{"path":"/Users/edwin/andela/checks/checkpoint3/dcman/server/controllers/roleController.js","s":{"1":1,"2":1,"3":1,"4":0,"5":0,"6":0,"7":0,"8":0,"9":0,"10":0,"11":0,"12":0,"13":0,"14":0,"15":0,"16":0},"b":{"1":[0,0],"2":[0,0],"3":[0,0]},"f":{"1":1,"2":0,"3":0,"4":0,"5":0,"6":0,"7":0},"fnMap":{"1":{"name":"(anonymous_1)","line":1,"loc":{"start":{"line":1,"column":1},"end":{"line":1,"column":12}}},"2":{"name":"(anonymous_2)","line":6,"loc":{"start":{"line":6,"column":9},"end":{"line":6,"column":29}}},"3":{"name":"(anonymous_3)","line":7,"loc":{"start":{"line":7,"column":20},"end":{"line":7,"column":40}}},"4":{"name":"(anonymous_4)","line":16,"loc":{"start":{"line":16,"column":9},"end":{"line":16,"column":28}}},"5":{"name":"(anonymous_5)","line":17,"loc":{"start":{"line":17,"column":35},"end":{"line":17,"column":55}}},"6":{"name":"(anonymous_6)","line":25,"loc":{"start":{"line":25,"column":12},"end":{"line":25,"column":31}}},"7":{"name":"(anonymous_7)","line":27,"loc":{"start":{"line":27,"column":19},"end":{"line":27,"column":38}}}},"statementMap":{"1":{"start":{"line":1,"column":0},"end":{"line":36,"column":5}},"2":{"start":{"line":3,"column":2},"end":{"line":3,"column":42}},"3":{"start":{"line":5,"column":2},"end":{"line":35,"column":4}},"4":{"start":{"line":7,"column":6},"end":{"line":13,"column":9}},"5":{"start":{"line":8,"column":8},"end":{"line":12,"column":9}},"6":{"start":{"line":9,"column":10},"end":{"line":9,"column":24}},"7":{"start":{"line":11,"column":10},"end":{"line":11,"column":26}},"8":{"start":{"line":17,"column":6},"end":{"line":22,"column":9}},"9":{"start":{"line":18,"column":8},"end":{"line":20,"column":9}},"10":{"start":{"line":19,"column":10},"end":{"line":19,"column":24}},"11":{"start":{"line":21,"column":8},"end":{"line":21,"column":23}},"12":{"start":{"line":26,"column":6},"end":{"line":26,"column":39}},"13":{"start":{"line":27,"column":6},"end":{"line":33,"column":9}},"14":{"start":{"line":28,"column":8},"end":{"line":32,"column":9}},"15":{"start":{"line":29,"column":10},"end":{"line":29,"column":24}},"16":{"start":{"line":31,"column":10},"end":{"line":31,"column":25}}},"branchMap":{"1":{"line":8,"type":"if","locations":[{"start":{"line":8,"column":8},"end":{"line":8,"column":8}},{"start":{"line":8,"column":8},"end":{"line":8,"column":8}}]},"2":{"line":18,"type":"if","locations":[{"start":{"line":18,"column":8},"end":{"line":18,"column":8}},{"start":{"line":18,"column":8},"end":{"line":18,"column":8}}]},"3":{"line":28,"type":"if","locations":[{"start":{"line":28,"column":8},"end":{"line":28,"column":8}},{"start":{"line":28,"column":8},"end":{"line":28,"column":8}}]}}},"/Users/edwin/andela/checks/checkpoint3/dcman/server/routes/docRoute.js":{"path":"/Users/edwin/andela/checks/checkpoint3/dcman/server/routes/docRoute.js","s":{"1":1,"2":1,"3":1,"4":1,"5":1},"b":{},"f":{"1":1,"2":1},"fnMap":{"1":{"name":"(anonymous_1)","line":1,"loc":{"start":{"line":1,"column":1},"end":{"line":1,"column":13}}},"2":{"name":"(anonymous_2)","line":6,"loc":{"start":{"line":6,"column":19},"end":{"line":6,"column":33}}}},"statementMap":{"1":{"start":{"line":1,"column":0},"end":{"line":20,"column":5}},"2":{"start":{"line":3,"column":2},"end":{"line":4,"column":54}},"3":{"start":{"line":6,"column":2},"end":{"line":19,"column":4}},"4":{"start":{"line":10,"column":4},"end":{"line":12,"column":48}},"5":{"start":{"line":14,"column":4},"end":{"line":17,"column":50}}},"branchMap":{}},"/Users/edwin/andela/checks/checkpoint3/dcman/server/controllers/docController.js":{"path":"/Users/edwin/andela/checks/checkpoint3/dcman/server/controllers/docController.js","s":{"1":1,"2":1,"3":1,"4":1,"5":1,"6":0,"7":0,"8":0,"9":0,"10":0,"11":0,"12":0,"13":0,"14":0,"15":0,"16":0,"17":0,"18":0,"19":0,"20":0,"21":0,"22":0,"23":0,"24":0,"25":0,"26":0,"27":0,"28":0,"29":0,"30":0,"31":0,"32":0,"33":0,"34":0,"35":0,"36":0,"37":0,"38":0,"39":0,"40":0,"41":0,"42":0,"43":0,"44":0,"45":0,"46":0,"47":0,"48":0,"49":0,"50":0,"51":0,"52":0,"53":0},"b":{"1":[0,0],"2":[0,0],"3":[0,0],"4":[0,0],"5":[0,0],"6":[0,0],"7":[0,0],"8":[0,0],"9":[0,0],"10":[0,0],"11":[0,0],"12":[0,0],"13":[0,0]},"f":{"1":1,"2":0,"3":0,"4":0,"5":0,"6":0,"7":0,"8":0,"9":0,"10":0,"11":0,"12":0,"13":0,"14":0,"15":0,"16":0,"17":0},"fnMap":{"1":{"name":"(anonymous_1)","line":1,"loc":{"start":{"line":1,"column":1},"end":{"line":1,"column":12}}},"2":{"name":"(anonymous_2)","line":9,"loc":{"start":{"line":9,"column":9},"end":{"line":9,"column":29}}},"3":{"name":"getDocuments","line":10,"loc":{"start":{"line":10,"column":6},"end":{"line":10,"column":35}}},"4":{"name":"(anonymous_4)","line":15,"loc":{"start":{"line":15,"column":16},"end":{"line":15,"column":42}}},"5":{"name":"(anonymous_5)","line":35,"loc":{"start":{"line":35,"column":16},"end":{"line":35,"column":42}}},"6":{"name":"(anonymous_6)","line":53,"loc":{"start":{"line":53,"column":12},"end":{"line":53,"column":32}}},"7":{"name":"(anonymous_7)","line":55,"loc":{"start":{"line":55,"column":38},"end":{"line":55,"column":59}}},"8":{"name":"(anonymous_8)","line":61,"loc":{"start":{"line":61,"column":29},"end":{"line":61,"column":49}}},"9":{"name":"(anonymous_9)","line":74,"loc":{"start":{"line":74,"column":12},"end":{"line":74,"column":32}}},"10":{"name":"(anonymous_10)","line":75,"loc":{"start":{"line":75,"column":39},"end":{"line":75,"column":64}}},"11":{"name":"(anonymous_11)","line":84,"loc":{"start":{"line":84,"column":12},"end":{"line":84,"column":32}}},"12":{"name":"(anonymous_12)","line":87,"loc":{"start":{"line":87,"column":9},"end":{"line":87,"column":34}}},"13":{"name":"(anonymous_13)","line":97,"loc":{"start":{"line":97,"column":12},"end":{"line":97,"column":32}}},"14":{"name":"(anonymous_14)","line":98,"loc":{"start":{"line":98,"column":58},"end":{"line":98,"column":78}}},"15":{"name":"(anonymous_15)","line":102,"loc":{"start":{"line":102,"column":37},"end":{"line":102,"column":56}}},"16":{"name":"(anonymous_16)","line":121,"loc":{"start":{"line":121,"column":15},"end":{"line":121,"column":35}}},"17":{"name":"(anonymous_17)","line":127,"loc":{"start":{"line":127,"column":14},"end":{"line":127,"column":40}}}},"statementMap":{"1":{"start":{"line":1,"column":0},"end":{"line":136,"column":5}},"2":{"start":{"line":3,"column":2},"end":{"line":3,"column":50}},"3":{"start":{"line":4,"column":2},"end":{"line":4,"column":42}},"4":{"start":{"line":8,"column":2},"end":{"line":135,"column":4}},"5":{"start":{"line":10,"column":6},"end":{"line":22,"column":7}},"6":{"start":{"line":11,"column":8},"end":{"line":21,"column":11}},"7":{"start":{"line":16,"column":10},"end":{"line":20,"column":11}},"8":{"start":{"line":17,"column":12},"end":{"line":17,"column":26}},"9":{"start":{"line":19,"column":12},"end":{"line":19,"column":32}},"10":{"start":{"line":24,"column":6},"end":{"line":42,"column":7}},"11":{"start":{"line":25,"column":8},"end":{"line":31,"column":9}},"12":{"start":{"line":26,"column":10},"end":{"line":26,"column":26}},"13":{"start":{"line":27,"column":15},"end":{"line":31,"column":9}},"14":{"start":{"line":28,"column":10},"end":{"line":28,"column":26}},"15":{"start":{"line":30,"column":10},"end":{"line":30,"column":26}},"16":{"start":{"line":33,"column":8},"end":{"line":41,"column":11}},"17":{"start":{"line":36,"column":10},"end":{"line":40,"column":11}},"18":{"start":{"line":37,"column":12},"end":{"line":37,"column":26}},"19":{"start":{"line":39,"column":12},"end":{"line":39,"column":32}},"20":{"start":{"line":44,"column":6},"end":{"line":49,"column":9}},"21":{"start":{"line":45,"column":8},"end":{"line":48,"column":35}},"22":{"start":{"line":54,"column":6},"end":{"line":54,"column":47}},"23":{"start":{"line":55,"column":6},"end":{"line":71,"column":9}},"24":{"start":{"line":56,"column":8},"end":{"line":70,"column":9}},"25":{"start":{"line":57,"column":10},"end":{"line":59,"column":13}},"26":{"start":{"line":61,"column":12},"end":{"line":69,"column":13}},"27":{"start":{"line":62,"column":12},"end":{"line":68,"column":13}},"28":{"start":{"line":63,"column":14},"end":{"line":63,"column":28}},"29":{"start":{"line":65,"column":14},"end":{"line":65,"column":38}},"30":{"start":{"line":66,"column":14},"end":{"line":66,"column":26}},"31":{"start":{"line":67,"column":14},"end":{"line":67,"column":28}},"32":{"start":{"line":75,"column":6},"end":{"line":81,"column":9}},"33":{"start":{"line":76,"column":8},"end":{"line":80,"column":9}},"34":{"start":{"line":77,"column":10},"end":{"line":77,"column":24}},"35":{"start":{"line":79,"column":10},"end":{"line":79,"column":29}},"36":{"start":{"line":85,"column":6},"end":{"line":94,"column":9}},"37":{"start":{"line":88,"column":8},"end":{"line":93,"column":9}},"38":{"start":{"line":89,"column":10},"end":{"line":89,"column":24}},"39":{"start":{"line":91,"column":10},"end":{"line":91,"column":45}},"40":{"start":{"line":92,"column":10},"end":{"line":92,"column":29}},"41":{"start":{"line":98,"column":6},"end":{"line":118,"column":9}},"42":{"start":{"line":99,"column":8},"end":{"line":117,"column":9}},"43":{"start":{"line":100,"column":10},"end":{"line":100,"column":24}},"44":{"start":{"line":102,"column":10},"end":{"line":116,"column":13}},"45":{"start":{"line":103,"column":12},"end":{"line":115,"column":13}},"46":{"start":{"line":104,"column":14},"end":{"line":107,"column":17}},"47":{"start":{"line":109,"column":14},"end":{"line":109,"column":62}},"48":{"start":{"line":110,"column":14},"end":{"line":110,"column":26}},"49":{"start":{"line":111,"column":14},"end":{"line":114,"column":17}},"50":{"start":{"line":122,"column":6},"end":{"line":133,"column":9}},"51":{"start":{"line":128,"column":8},"end":{"line":132,"column":9}},"52":{"start":{"line":129,"column":10},"end":{"line":129,"column":24}},"53":{"start":{"line":131,"column":10},"end":{"line":131,"column":30}}},"branchMap":{"1":{"line":16,"type":"if","locations":[{"start":{"line":16,"column":10},"end":{"line":16,"column":10}},{"start":{"line":16,"column":10},"end":{"line":16,"column":10}}]},"2":{"line":24,"type":"if","locations":[{"start":{"line":24,"column":6},"end":{"line":24,"column":6}},{"start":{"line":24,"column":6},"end":{"line":24,"column":6}}]},"3":{"line":25,"type":"if","locations":[{"start":{"line":25,"column":8},"end":{"line":25,"column":8}},{"start":{"line":25,"column":8},"end":{"line":25,"column":8}}]},"4":{"line":27,"type":"if","locations":[{"start":{"line":27,"column":15},"end":{"line":27,"column":15}},{"start":{"line":27,"column":15},"end":{"line":27,"column":15}}]},"5":{"line":36,"type":"if","locations":[{"start":{"line":36,"column":10},"end":{"line":36,"column":10}},{"start":{"line":36,"column":10},"end":{"line":36,"column":10}}]},"6":{"line":44,"type":"if","locations":[{"start":{"line":44,"column":6},"end":{"line":44,"column":6}},{"start":{"line":44,"column":6},"end":{"line":44,"column":6}}]},"7":{"line":56,"type":"if","locations":[{"start":{"line":56,"column":8},"end":{"line":56,"column":8}},{"start":{"line":56,"column":8},"end":{"line":56,"column":8}}]},"8":{"line":62,"type":"if","locations":[{"start":{"line":62,"column":12},"end":{"line":62,"column":12}},{"start":{"line":62,"column":12},"end":{"line":62,"column":12}}]},"9":{"line":76,"type":"if","locations":[{"start":{"line":76,"column":8},"end":{"line":76,"column":8}},{"start":{"line":76,"column":8},"end":{"line":76,"column":8}}]},"10":{"line":88,"type":"if","locations":[{"start":{"line":88,"column":8},"end":{"line":88,"column":8}},{"start":{"line":88,"column":8},"end":{"line":88,"column":8}}]},"11":{"line":99,"type":"if","locations":[{"start":{"line":99,"column":8},"end":{"line":99,"column":8}},{"start":{"line":99,"column":8},"end":{"line":99,"column":8}}]},"12":{"line":103,"type":"if","locations":[{"start":{"line":103,"column":12},"end":{"line":103,"column":12}},{"start":{"line":103,"column":12},"end":{"line":103,"column":12}}]},"13":{"line":128,"type":"if","locations":[{"start":{"line":128,"column":8},"end":{"line":128,"column":8}},{"start":{"line":128,"column":8},"end":{"line":128,"column":8}}]}}},"/Users/edwin/andela/checks/checkpoint3/dcman/spec/helpers/seeder.js":{"path":"/Users/edwin/andela/checks/checkpoint3/dcman/spec/helpers/seeder.js","s":{"1":1,"2":1,"3":1,"4":1,"5":1,"6":1,"7":1,"8":1,"9":1},"b":{},"f":{"1":1},"fnMap":{"1":{"name":"(anonymous_1)","line":1,"loc":{"start":{"line":1,"column":1},"end":{"line":1,"column":12}}}},"statementMap":{"1":{"start":{"line":1,"column":0},"end":{"line":46,"column":5}},"2":{"start":{"line":4,"column":2},"end":{"line":4,"column":51}},"3":{"start":{"line":5,"column":2},"end":{"line":5,"column":59}},"4":{"start":{"line":6,"column":2},"end":{"line":6,"column":51}},"5":{"start":{"line":7,"column":2},"end":{"line":7,"column":37}},"6":{"start":{"line":8,"column":2},"end":{"line":8,"column":35}},"7":{"start":{"line":10,"column":2},"end":{"line":45,"column":5}},"8":{"start":{"line":11,"column":4},"end":{"line":43,"column":6}},"9":{"start":{"line":44,"column":4},"end":{"line":44,"column":11}}},"branchMap":{}},"/Users/edwin/andela/checks/checkpoint3/dcman/spec/doc-spec.js":{"path":"/Users/edwin/andela/checks/checkpoint3/dcman/spec/doc-spec.js","s":{"1":1,"2":1,"3":1,"4":1,"5":1,"6":1},"b":{},"f":{"1":1,"2":1,"3":1,"4":1,"5":1,"6":1},"fnMap":{"1":{"name":"(anonymous_1)","line":1,"loc":{"start":{"line":1,"column":21},"end":{"line":1,"column":32}}},"2":{"name":"(anonymous_2)","line":3,"loc":{"start":{"line":3,"column":49},"end":{"line":3,"column":60}}},"3":{"name":"(anonymous_3)","line":7,"loc":{"start":{"line":7,"column":54},"end":{"line":7,"column":65}}},"4":{"name":"(anonymous_4)","line":13,"loc":{"start":{"line":13,"column":19},"end":{"line":13,"column":30}}},"5":{"name":"(anonymous_5)","line":15,"loc":{"start":{"line":15,"column":63},"end":{"line":15,"column":74}}},"6":{"name":"(anonymous_6)","line":19,"loc":{"start":{"line":19,"column":63},"end":{"line":19,"column":74}}}},"statementMap":{"1":{"start":{"line":1,"column":0},"end":{"line":11,"column":3}},"2":{"start":{"line":3,"column":2},"end":{"line":5,"column":5}},"3":{"start":{"line":7,"column":2},"end":{"line":9,"column":5}},"4":{"start":{"line":13,"column":0},"end":{"line":23,"column":3}},"5":{"start":{"line":15,"column":2},"end":{"line":17,"column":5}},"6":{"start":{"line":19,"column":2},"end":{"line":21,"column":5}}},"branchMap":{}},"/Users/edwin/andela/checks/checkpoint3/dcman/spec/role-spec.js":{"path":"/Users/edwin/andela/checks/checkpoint3/dcman/spec/role-spec.js","s":{"1":1,"2":1,"3":1},"b":{},"f":{"1":1,"2":1,"3":1},"fnMap":{"1":{"name":"(anonymous_1)","line":1,"loc":{"start":{"line":1,"column":17},"end":{"line":1,"column":28}}},"2":{"name":"(anonymous_2)","line":3,"loc":{"start":{"line":3,"column":41},"end":{"line":3,"column":52}}},"3":{"name":"(anonymous_3)","line":7,"loc":{"start":{"line":7,"column":45},"end":{"line":7,"column":56}}}},"statementMap":{"1":{"start":{"line":1,"column":0},"end":{"line":11,"column":3}},"2":{"start":{"line":3,"column":2},"end":{"line":5,"column":5}},"3":{"start":{"line":7,"column":2},"end":{"line":9,"column":5}}},"branchMap":{}},"/Users/edwin/andela/checks/checkpoint3/dcman/spec/user-spec.js":{"path":"/Users/edwin/andela/checks/checkpoint3/dcman/spec/user-spec.js","s":{"1":1,"2":1,"3":1,"4":1,"5":1,"6":1,"7":1,"8":1,"9":1,"10":1,"11":1,"12":1,"13":1,"14":1,"15":1,"16":1,"17":1,"18":1,"19":1,"20":1,"21":1,"22":1,"23":1,"24":1,"25":1,"26":1,"27":1,"28":1,"29":1,"30":1,"31":1,"32":1,"33":1,"34":1,"35":1,"36":1,"37":1,"38":1,"39":1,"40":1,"41":1,"42":1,"43":0,"44":0,"45":0,"46":0,"47":0,"48":0,"49":0,"50":1,"51":0,"52":0,"53":0,"54":0},"b":{},"f":{"1":1,"2":1,"3":1,"4":1,"5":1,"6":1,"7":1,"8":1,"9":1,"10":1,"11":1,"12":1,"13":0,"14":0,"15":0,"16":0},"fnMap":{"1":{"name":"(anonymous_1)","line":1,"loc":{"start":{"line":1,"column":1},"end":{"line":1,"column":12}}},"2":{"name":"(anonymous_2)","line":10,"loc":{"start":{"line":10,"column":25},"end":{"line":10,"column":36}}},"3":{"name":"(anonymous_3)","line":13,"loc":{"start":{"line":13,"column":14},"end":{"line":13,"column":29}}},"4":{"name":"(anonymous_4)","line":15,"loc":{"start":{"line":15,"column":19},"end":{"line":15,"column":34}}},"5":{"name":"(anonymous_5)","line":21,"loc":{"start":{"line":21,"column":51},"end":{"line":21,"column":66}}},"6":{"name":"(anonymous_6)","line":34,"loc":{"start":{"line":34,"column":11},"end":{"line":34,"column":30}}},"7":{"name":"(anonymous_7)","line":44,"loc":{"start":{"line":44,"column":42},"end":{"line":44,"column":57}}},"8":{"name":"(anonymous_8)","line":52,"loc":{"start":{"line":52,"column":11},"end":{"line":52,"column":30}}},"9":{"name":"(anonymous_9)","line":61,"loc":{"start":{"line":61,"column":44},"end":{"line":61,"column":59}}},"10":{"name":"(anonymous_10)","line":69,"loc":{"start":{"line":69,"column":11},"end":{"line":69,"column":30}}},"11":{"name":"(anonymous_11)","line":79,"loc":{"start":{"line":79,"column":40},"end":{"line":79,"column":55}}},"12":{"name":"(anonymous_12)","line":87,"loc":{"start":{"line":87,"column":11},"end":{"line":87,"column":30}}},"13":{"name":"(anonymous_13)","line":96,"loc":{"start":{"line":96,"column":49},"end":{"line":96,"column":64}}},"14":{"name":"(anonymous_14)","line":101,"loc":{"start":{"line":101,"column":11},"end":{"line":101,"column":30}}},"15":{"name":"(anonymous_15)","line":111,"loc":{"start":{"line":111,"column":39},"end":{"line":111,"column":54}}},"16":{"name":"(anonymous_16)","line":120,"loc":{"start":{"line":120,"column":11},"end":{"line":120,"column":30}}}},"statementMap":{"1":{"start":{"line":1,"column":0},"end":{"line":140,"column":5}},"2":{"start":{"line":4,"column":2},"end":{"line":4,"column":39}},"3":{"start":{"line":5,"column":2},"end":{"line":5,"column":35}},"4":{"start":{"line":7,"column":2},"end":{"line":7,"column":42}},"5":{"start":{"line":8,"column":2},"end":{"line":8,"column":34}},"6":{"start":{"line":10,"column":2},"end":{"line":139,"column":5}},"7":{"start":{"line":11,"column":4},"end":{"line":11,"column":14}},"8":{"start":{"line":13,"column":4},"end":{"line":19,"column":7}},"9":{"start":{"line":14,"column":6},"end":{"line":14,"column":34}},"10":{"start":{"line":15,"column":6},"end":{"line":18,"column":9}},"11":{"start":{"line":16,"column":8},"end":{"line":16,"column":27}},"12":{"start":{"line":17,"column":8},"end":{"line":17,"column":15}},"13":{"start":{"line":21,"column":4},"end":{"line":42,"column":7}},"14":{"start":{"line":22,"column":6},"end":{"line":41,"column":9}},"15":{"start":{"line":35,"column":8},"end":{"line":35,"column":31}},"16":{"start":{"line":37,"column":8},"end":{"line":37,"column":39}},"17":{"start":{"line":38,"column":8},"end":{"line":38,"column":45}},"18":{"start":{"line":39,"column":8},"end":{"line":39,"column":78}},"19":{"start":{"line":40,"column":8},"end":{"line":40,"column":15}},"20":{"start":{"line":44,"column":4},"end":{"line":59,"column":7}},"21":{"start":{"line":45,"column":6},"end":{"line":58,"column":9}},"22":{"start":{"line":53,"column":8},"end":{"line":53,"column":31}},"23":{"start":{"line":54,"column":8},"end":{"line":54,"column":39}},"24":{"start":{"line":55,"column":8},"end":{"line":55,"column":46}},"25":{"start":{"line":56,"column":8},"end":{"line":56,"column":64}},"26":{"start":{"line":57,"column":8},"end":{"line":57,"column":15}},"27":{"start":{"line":61,"column":4},"end":{"line":77,"column":7}},"28":{"start":{"line":62,"column":6},"end":{"line":76,"column":9}},"29":{"start":{"line":70,"column":8},"end":{"line":70,"column":31}},"30":{"start":{"line":71,"column":8},"end":{"line":71,"column":40}},"31":{"start":{"line":72,"column":8},"end":{"line":72,"column":39}},"32":{"start":{"line":73,"column":8},"end":{"line":73,"column":45}},"33":{"start":{"line":74,"column":8},"end":{"line":74,"column":69}},"34":{"start":{"line":75,"column":8},"end":{"line":75,"column":15}},"35":{"start":{"line":79,"column":4},"end":{"line":94,"column":7}},"36":{"start":{"line":80,"column":6},"end":{"line":93,"column":9}},"37":{"start":{"line":88,"column":8},"end":{"line":88,"column":31}},"38":{"start":{"line":89,"column":8},"end":{"line":89,"column":40}},"39":{"start":{"line":90,"column":8},"end":{"line":90,"column":39}},"40":{"start":{"line":91,"column":8},"end":{"line":91,"column":45}},"41":{"start":{"line":92,"column":8},"end":{"line":92,"column":15}},"42":{"start":{"line":96,"column":3},"end":{"line":109,"column":8}},"43":{"start":{"line":97,"column":5},"end":{"line":108,"column":9}},"44":{"start":{"line":102,"column":8},"end":{"line":102,"column":31}},"45":{"start":{"line":103,"column":8},"end":{"line":103,"column":40}},"46":{"start":{"line":104,"column":8},"end":{"line":104,"column":39}},"47":{"start":{"line":105,"column":8},"end":{"line":105,"column":51}},"48":{"start":{"line":106,"column":8},"end":{"line":106,"column":51}},"49":{"start":{"line":107,"column":8},"end":{"line":107,"column":15}},"50":{"start":{"line":111,"column":4},"end":{"line":125,"column":7}},"51":{"start":{"line":112,"column":6},"end":{"line":124,"column":9}},"52":{"start":{"line":121,"column":8},"end":{"line":121,"column":31}},"53":{"start":{"line":122,"column":8},"end":{"line":122,"column":40}},"54":{"start":{"line":123,"column":8},"end":{"line":123,"column":15}}},"branchMap":{}}}