{"/Users/edwin/andela/checks/checkpoint3/dcman/spec/doc-spec.js":{"path":"/Users/edwin/andela/checks/checkpoint3/dcman/spec/doc-spec.js","s":{"1":1,"2":1,"3":1,"4":1,"5":1,"6":1},"b":{},"f":{"1":1,"2":1,"3":1,"4":1,"5":1,"6":1},"fnMap":{"1":{"name":"(anonymous_1)","line":1,"loc":{"start":{"line":1,"column":21},"end":{"line":1,"column":32}}},"2":{"name":"(anonymous_2)","line":3,"loc":{"start":{"line":3,"column":49},"end":{"line":3,"column":60}}},"3":{"name":"(anonymous_3)","line":7,"loc":{"start":{"line":7,"column":54},"end":{"line":7,"column":65}}},"4":{"name":"(anonymous_4)","line":13,"loc":{"start":{"line":13,"column":19},"end":{"line":13,"column":30}}},"5":{"name":"(anonymous_5)","line":15,"loc":{"start":{"line":15,"column":63},"end":{"line":15,"column":74}}},"6":{"name":"(anonymous_6)","line":19,"loc":{"start":{"line":19,"column":63},"end":{"line":19,"column":74}}}},"statementMap":{"1":{"start":{"line":1,"column":0},"end":{"line":11,"column":3}},"2":{"start":{"line":3,"column":2},"end":{"line":5,"column":5}},"3":{"start":{"line":7,"column":2},"end":{"line":9,"column":5}},"4":{"start":{"line":13,"column":0},"end":{"line":23,"column":3}},"5":{"start":{"line":15,"column":2},"end":{"line":17,"column":5}},"6":{"start":{"line":19,"column":2},"end":{"line":21,"column":5}}},"branchMap":{}},"/Users/edwin/andela/checks/checkpoint3/dcman/spec/role-spec.js":{"path":"/Users/edwin/andela/checks/checkpoint3/dcman/spec/role-spec.js","s":{"1":1,"2":1,"3":1},"b":{},"f":{"1":1,"2":1,"3":1},"fnMap":{"1":{"name":"(anonymous_1)","line":1,"loc":{"start":{"line":1,"column":17},"end":{"line":1,"column":28}}},"2":{"name":"(anonymous_2)","line":3,"loc":{"start":{"line":3,"column":41},"end":{"line":3,"column":52}}},"3":{"name":"(anonymous_3)","line":7,"loc":{"start":{"line":7,"column":45},"end":{"line":7,"column":56}}}},"statementMap":{"1":{"start":{"line":1,"column":0},"end":{"line":11,"column":3}},"2":{"start":{"line":3,"column":2},"end":{"line":5,"column":5}},"3":{"start":{"line":7,"column":2},"end":{"line":9,"column":5}}},"branchMap":{}},"/Users/edwin/andela/checks/checkpoint3/dcman/spec/user-spec.js":{"path":"/Users/edwin/andela/checks/checkpoint3/dcman/spec/user-spec.js","s":{"1":1,"2":1,"3":1,"4":1,"5":1},"b":{},"f":{"1":1,"2":1,"3":1,"4":1,"5":1},"fnMap":{"1":{"name":"(anonymous_1)","line":1,"loc":{"start":{"line":1,"column":17},"end":{"line":1,"column":28}}},"2":{"name":"(anonymous_2)","line":3,"loc":{"start":{"line":3,"column":29},"end":{"line":3,"column":40}}},"3":{"name":"(anonymous_3)","line":7,"loc":{"start":{"line":7,"column":41},"end":{"line":7,"column":52}}},"4":{"name":"(anonymous_4)","line":11,"loc":{"start":{"line":11,"column":63},"end":{"line":11,"column":74}}},"5":{"name":"(anonymous_5)","line":15,"loc":{"start":{"line":15,"column":45},"end":{"line":15,"column":56}}}},"statementMap":{"1":{"start":{"line":1,"column":0},"end":{"line":19,"column":3}},"2":{"start":{"line":3,"column":1},"end":{"line":5,"column":5}},"3":{"start":{"line":7,"column":2},"end":{"line":9,"column":5}},"4":{"start":{"line":11,"column":3},"end":{"line":13,"column":5}},"5":{"start":{"line":15,"column":2},"end":{"line":17,"column":5}}},"branchMap":{}}}