TN:
SF:/Users/edwin/andela/checks/checkpoint3/dcman/spec/doc-spec.js
FN:1,(anonymous_1)
FN:3,(anonymous_2)
FN:7,(anonymous_3)
FN:13,(anonymous_4)
FN:15,(anonymous_5)
FN:19,(anonymous_6)
FNF:6
FNH:6
FNDA:1,(anonymous_1)
FNDA:1,(anonymous_2)
FNDA:1,(anonymous_3)
FNDA:1,(anonymous_4)
FNDA:1,(anonymous_5)
FNDA:1,(anonymous_6)
DA:1,1
DA:3,1
DA:7,1
DA:13,1
DA:15,1
DA:19,1
LF:6
LH:6
BRF:0
BRH:0
end_of_record
TN:
SF:/Users/edwin/andela/checks/checkpoint3/dcman/spec/role-spec.js
FN:1,(anonymous_1)
FN:3,(anonymous_2)
FN:7,(anonymous_3)
FNF:3
FNH:3
FNDA:1,(anonymous_1)
FNDA:1,(anonymous_2)
FNDA:1,(anonymous_3)
DA:1,1
DA:3,1
DA:7,1
LF:3
LH:3
BRF:0
BRH:0
end_of_record
TN:
SF:/Users/edwin/andela/checks/checkpoint3/dcman/spec/user-spec.js
FN:1,(anonymous_1)
FN:3,(anonymous_2)
FN:7,(anonymous_3)
FN:11,(anonymous_4)
FN:15,(anonymous_5)
FNF:5
FNH:5
FNDA:1,(anonymous_1)
FNDA:1,(anonymous_2)
FNDA:1,(anonymous_3)
FNDA:1,(anonymous_4)
FNDA:1,(anonymous_5)
DA:1,1
DA:3,1
DA:7,1
DA:11,1
DA:15,1
LF:5
LH:5
BRF:0
BRH:0
end_of_record
